<?xml version="1.0" encoding="UTF-8"?>
<!-- Generated by org.testng.reporters.JUnitReportReporter -->
<testsuite hostname="DKV1518" name="IEBrowser" tests="1" failures="0" timestamp="9 Jun 2015 12:47:35 GMT" time="2.727" errors="0">
  <testcase name="launchIE" time="2.727" classname="IEBrowser"/>
</testsuite> <!-- IEBrowser -->
